\BOOKMARK [0][-]{chapter*.1}{Wednesday * Mercredi * Środa}{}% 1
\BOOKMARK [1][-]{section*.2}{Morning\040Prayer}{chapter*.1}% 2
\BOOKMARK [1][-]{section*.10}{Liturgy\040of\040the\040Word}{chapter*.1}% 3
\BOOKMARK [1][-]{section*.11}{Liturgie\040de\040la\040Parole}{chapter*.1}% 4
\BOOKMARK [1][-]{section*.12}{Liturgia Słowa}{chapter*.1}% 5
\BOOKMARK [0][-]{chapter*.13}{Thursday\040*\040Jeudi\040*\040Czwartek}{}% 6
\BOOKMARK [1][-]{section*.14}{Office\040des\040Laudes}{chapter*.13}% 7
\BOOKMARK [1][-]{section*.23}{Liturgy\040of\040the\040Word}{chapter*.13}% 8
\BOOKMARK [1][-]{section*.24}{Liturgie\040de\040la\040Parole}{chapter*.13}% 9
\BOOKMARK [1][-]{section*.25}{Liturgia Słowa}{chapter*.13}% 10
\BOOKMARK [0][-]{chapter*.26}{Friday * Vendredi * Piątek}{}% 11
\BOOKMARK [1][-]{section*.27}{Morning\040Prayer}{chapter*.26}% 12
\BOOKMARK [1][-]{section*.35}{Liturgy\040of\040the\040Word}{chapter*.26}% 13
\BOOKMARK [1][-]{section*.36}{Liturgie\040de\040la\040Parole}{chapter*.26}% 14
\BOOKMARK [1][-]{section*.37}{Liturgia Słowa}{chapter*.26}% 15
\BOOKMARK [0][-]{chapter*.38}{Saturday\040*\040Samedi\040*\040Sobota}{}% 16
\BOOKMARK [1][-]{section*.39}{Office\040des\040Laudes}{chapter*.38}% 17
\BOOKMARK [1][-]{section*.48}{Liturgy\040of\040the\040Word}{chapter*.38}% 18
\BOOKMARK [1][-]{section*.49}{Liturgie\040de\040la\040Parole}{chapter*.38}% 19
\BOOKMARK [1][-]{section*.50}{Liturgia Słowa}{chapter*.38}% 20
